2023-11-16 12:59:14,751 [INFO] Activator:176 - 


2023-11-16 12:59:14,753 [INFO] Activator:177 - !SESSION log4j initialized
2023-11-16 12:59:16,850 [INFO] LogOutputStream:77 - [STDOUT_REDIRECT] 
2023-11-16 13:00:44,176 [INFO] ApplicationProperties:184 - Using Application install path: C:\ST\STM32CubeIDE_1.13.1\STM32CubeIDE\plugins\com.st.stm32cube.common.mx_6.9.2.202309101412
2023-11-16 13:00:44,192 [INFO] DbMcusXml:78 - Set database path to: C:\ST\STM32CubeIDE_1.13.1\STM32CubeIDE\plugins\com.st.stm32cube.common.mx_6.9.2.202309101412\\db\/mcu/
2023-11-16 13:00:44,192 [INFO] ApiDb:274 - Set plugin database path to: C:\ST\STM32CubeIDE_1.13.1\STM32CubeIDE\plugins\com.st.stm32cube.common.mx_6.9.2.202309101412\\db\/plugins/boardmanager/
2023-11-16 13:00:44,200 [WARN] ApiDb:259 - Overriding images path with different value:  => C:\ST\STM32CubeIDE_1.13.1\STM32CubeIDE\plugins\com.st.stm32cube.common.mx_6.9.2.202309101412\\db\/plugins/mcufinder/images/
2023-11-16 13:00:44,214 [INFO] ApiDb:250 - Set database path to: C:\Users\Baptiste\.stmcufinder\plugins\mcufinder//mcu/
2023-11-16 13:00:44,215 [INFO] DbMcusAds:125 - Set database path to: C:\Users\Baptiste\.stmcufinder\plugins\mcufinder//mcu/
2023-11-16 13:00:44,220 [INFO] CrossReferenceDbSqlite:203 - Set database path to: C:\Users\Baptiste\.stmcufinder\plugins\mcufinder//mcu/cs/
2023-11-16 13:00:44,349 [INFO] RulesReader:64 - Compatibility file has been processed (293 Rules)
2023-11-16 13:00:44,408 [INFO] DbMcusXml:78 - Set database path to: C:\ST\STM32CubeIDE_1.13.1\STM32CubeIDE\plugins\com.st.stm32cube.common.mx_6.9.2.202309101412\\db\/mcu/
2023-11-16 13:00:44,408 [INFO] ApiDb:274 - Set plugin database path to: C:\ST\STM32CubeIDE_1.13.1\STM32CubeIDE\plugins\com.st.stm32cube.common.mx_6.9.2.202309101412\\db\/plugins/boardmanager/
2023-11-16 13:00:44,408 [INFO] ApiDb:261 - Set plugin images path to: C:\ST\STM32CubeIDE_1.13.1\STM32CubeIDE\plugins\com.st.stm32cube.common.mx_6.9.2.202309101412\\db\/plugins/mcufinder/images/
2023-11-16 13:00:44,408 [WARN] DbFile:41 - Overriding database path with different value: C:\Users\Baptiste\.stmcufinder\plugins\mcufinder/ => C:\Users\Baptiste\.stmcufinder\plugins\mcufinder
2023-11-16 13:00:44,408 [INFO] ApiDb:250 - Set database path to: C:\Users\Baptiste\.stmcufinder\plugins\mcufinder//mcu/
2023-11-16 13:00:44,408 [WARN] DbFile:41 - Overriding database path with different value: C:\Users\Baptiste\.stmcufinder\plugins\mcufinder/ => C:\Users\Baptiste\.stmcufinder\plugins\mcufinder
2023-11-16 13:00:44,408 [INFO] DbMcusAds:125 - Set database path to: C:\Users\Baptiste\.stmcufinder\plugins\mcufinder//mcu/
2023-11-16 13:00:44,408 [WARN] DbFile:41 - Overriding database path with different value: C:\Users\Baptiste\.stmcufinder\plugins\mcufinder/ => C:\Users\Baptiste\.stmcufinder\plugins\mcufinder
2023-11-16 13:00:44,408 [WARN] DbFile:41 - Overriding database path with different value: C:\Users\Baptiste\.stmcufinder\plugins\mcufinder/ => C:\Users\Baptiste\.stmcufinder\plugins\mcufinder
2023-11-16 13:00:44,408 [INFO] CrossReferenceDbSqlite:203 - Set database path to: C:\Users\Baptiste\.stmcufinder\plugins\mcufinder//mcu/cs/
2023-11-16 13:00:44,469 [INFO] MainPanel:262 - HeapMemory: 685768704
2023-11-16 13:00:44,528 [INFO] DbMcusXml:78 - Set database path to: C:\ST\STM32CubeIDE_1.13.1\STM32CubeIDE\plugins\com.st.stm32cube.common.mx_6.9.2.202309101412\\db\/mcu/
2023-11-16 13:00:44,528 [INFO] ApiDb:274 - Set plugin database path to: C:\ST\STM32CubeIDE_1.13.1\STM32CubeIDE\plugins\com.st.stm32cube.common.mx_6.9.2.202309101412\\db\/plugins/boardmanager/
2023-11-16 13:00:44,528 [INFO] ApiDb:261 - Set plugin images path to: C:\ST\STM32CubeIDE_1.13.1\STM32CubeIDE\plugins\com.st.stm32cube.common.mx_6.9.2.202309101412\\db\/plugins/mcufinder/images/
2023-11-16 13:00:44,528 [WARN] DbFile:41 - Overriding database path with different value: C:\Users\Baptiste\.stmcufinder\plugins\mcufinder/ => C:\Users\Baptiste\.stmcufinder\plugins\mcufinder
2023-11-16 13:00:44,528 [INFO] ApiDb:250 - Set database path to: C:\Users\Baptiste\.stmcufinder\plugins\mcufinder//mcu/
2023-11-16 13:00:44,528 [WARN] DbFile:41 - Overriding database path with different value: C:\Users\Baptiste\.stmcufinder\plugins\mcufinder/ => C:\Users\Baptiste\.stmcufinder\plugins\mcufinder
2023-11-16 13:00:44,528 [INFO] DbMcusAds:125 - Set database path to: C:\Users\Baptiste\.stmcufinder\plugins\mcufinder//mcu/
2023-11-16 13:00:44,529 [WARN] DbFile:41 - Overriding database path with different value: C:\Users\Baptiste\.stmcufinder\plugins\mcufinder/ => C:\Users\Baptiste\.stmcufinder\plugins\mcufinder
2023-11-16 13:00:44,529 [WARN] DbFile:41 - Overriding database path with different value: C:\Users\Baptiste\.stmcufinder\plugins\mcufinder/ => C:\Users\Baptiste\.stmcufinder\plugins\mcufinder
2023-11-16 13:00:44,529 [INFO] CrossReferenceDbSqlite:203 - Set database path to: C:\Users\Baptiste\.stmcufinder\plugins\mcufinder//mcu/cs/
2023-11-16 13:00:44,545 [INFO] ApplicationProperties:184 - Using Application install path: C:\ST\STM32CubeIDE_1.13.1\STM32CubeIDE\plugins\com.st.stm32cube.common.mx_6.9.2.202309101412
2023-11-16 13:00:44,546 [INFO] PluginManage:196 - Search for loadable plugins [exclusion list=, ]
2023-11-16 13:00:44,548 [INFO] PluginManage:310 - Check plugin analytics
2023-11-16 13:00:49,669 [INFO] AnalyticsPlugin:253 - Accepted Software Licenses: STM32CubeMX.6.5.0,STM32CubeMX.6.8.0,STM32CubeMX.6.9.2
2023-11-16 13:00:49,670 [INFO] AnalyticsPlugin:255 - Accepted CMSIS Pack Licenses: 
2023-11-16 13:00:49,671 [INFO] AnalyticsPlugin:257 - Accepted Firmware Licenses: FW.F4.1.27.0,FW.G4.1.5.0,FW.F7.1.17.0
2023-11-16 13:00:49,674 [INFO] PluginManage:359 - Loaded plugin analytics (category:tool,tabindex:-1)
2023-11-16 13:00:49,674 [INFO] PluginManage:310 - Check plugin cadmodel
2023-11-16 13:00:49,687 [INFO] CADModel:105 - Init CAD model plugin
2023-11-16 13:00:49,687 [INFO] PluginManage:359 - Loaded plugin cadmodel (category:power,tabindex:5)
2023-11-16 13:00:49,687 [INFO] PluginManage:310 - Check plugin clock
2023-11-16 13:00:49,702 [INFO] PluginManage:359 - Loaded plugin clock (category:base,tabindex:2)
2023-11-16 13:00:49,703 [INFO] PluginManage:310 - Check plugin ddr
2023-11-16 13:00:49,704 [INFO] PluginManage:359 - Loaded plugin ddr (category:tool,tabindex:6)
2023-11-16 13:00:49,704 [INFO] PluginManage:310 - Check plugin filemanager
2023-11-16 13:00:49,809 [INFO] PluginManage:359 - Loaded plugin filemanager (category:base,tabindex:10)
2023-11-16 13:00:49,809 [INFO] PluginManage:310 - Check plugin ipmanager
2023-11-16 13:00:49,816 [INFO] PluginManage:359 - Loaded plugin ipmanager (category:base,tabindex:5)
2023-11-16 13:00:49,816 [INFO] PluginManage:310 - Check plugin lpbam
2023-11-16 13:00:49,829 [INFO] PluginManage:359 - Loaded plugin lpbam (category:base,tabindex:0)
2023-11-16 13:00:49,830 [INFO] PluginManage:310 - Check plugin memorymap
2023-11-16 13:00:49,846 [INFO] PluginManage:359 - Loaded plugin memorymap (category:base,tabindex:4)
2023-11-16 13:00:49,847 [INFO] PluginManage:310 - Check plugin pinoutandconfiguration
2023-11-16 13:00:49,861 [INFO] PluginManage:359 - Loaded plugin pinoutandconfiguration (category:base,tabindex:1)
2023-11-16 13:00:49,861 [INFO] PluginManage:310 - Check plugin pinoutconfig
2023-11-16 13:00:49,953 [WARN] SupportedApi:132 - Cannot load RTOS API schema: s4s-elt-must-match.1: The content of 'definitions' must match (annotation?, (simpleType | complexType)?, (unique | key | keyref)*)). A problem was found starting at: attribute.
2023-11-16 13:00:50,072 [INFO] PluginManage:359 - Loaded plugin pinoutconfig (category:base,tabindex:0)
2023-11-16 13:00:50,072 [INFO] PluginManage:310 - Check plugin power
2023-11-16 13:00:50,088 [INFO] PluginManage:359 - Loaded plugin power (category:power,tabindex:4)
2023-11-16 13:00:50,088 [INFO] PluginManage:310 - Check plugin projectmanager
2023-11-16 13:00:50,104 [INFO] PluginManage:359 - Loaded plugin projectmanager (category:projectmanager,tabindex:3)
2023-11-16 13:00:50,104 [INFO] PluginManage:310 - Check plugin thirdparty
2023-11-16 13:00:50,359 [INFO] PluginManage:359 - Loaded plugin thirdparty (category:base,tabindex:-1)
2023-11-16 13:00:50,359 [WARN] IntegrityCheckThread:84 - waiting for thirdparty lock release [integrity check]
2023-11-16 13:00:50,359 [INFO] PluginManage:310 - Check plugin tools
2023-11-16 13:00:50,359 [INFO] IntegrityCheckThread:86 - entering critical section [integrity check]
2023-11-16 13:00:50,359 [INFO] ThirdPartyUpdaterWithRetryManager:70 - Updater plugin not ready yet. [1/15]
2023-11-16 13:00:50,393 [INFO] PluginManage:359 - Loaded plugin tools (category:base,tabindex:7)
2023-11-16 13:00:50,393 [INFO] PluginManage:310 - Check plugin tutovideos
2023-11-16 13:00:50,573 [INFO] PluginManage:359 - Loaded plugin tutovideos (category:base,tabindex:-1)
2023-11-16 13:00:50,573 [INFO] PluginManage:310 - Check plugin updater
2023-11-16 13:00:50,583 [INFO] PluginManage:359 - Loaded plugin updater (category:base,tabindex:12)
2023-11-16 13:00:50,584 [INFO] PluginManage:310 - Check plugin userauth
2023-11-16 13:00:50,589 [INFO] UserAuth:113 - Init User Auth plugin
2023-11-16 13:00:50,589 [INFO] PluginManage:359 - Loaded plugin userauth (category:base,tabindex:14)
2023-11-16 13:00:50,590 [INFO] PluginManage:283 - PluginManage : Loaded plugins [17]
2023-11-16 13:00:50,818 [INFO] PinOutPanel:1499 - setPackage(No Configuration,No Configuration)
2023-11-16 13:00:50,942 [INFO] CADModel:165 - CPN selected for project level
2023-11-16 13:00:50,942 [INFO] CADModel:114 - Register for checkConnection events
2023-11-16 13:00:50,967 [INFO] IPUIPlugin:80 - create IPUIPlugin
2023-11-16 13:00:50,967 [INFO] PluginManager:220 - loadIPPluginJar : add adc
2023-11-16 13:00:51,008 [INFO] IPUIPlugin:80 - create IPUIPlugin
2023-11-16 13:00:51,009 [INFO] PluginManager:220 - loadIPPluginJar : add aes
2023-11-16 13:00:51,052 [INFO] IPUIPlugin:80 - create IPUIPlugin
2023-11-16 13:00:51,052 [INFO] PluginManager:220 - loadIPPluginJar : add can
2023-11-16 13:00:51,079 [INFO] IPUIPlugin:80 - create IPUIPlugin
2023-11-16 13:00:51,080 [INFO] PluginManager:220 - loadIPPluginJar : add comp
2023-11-16 13:00:51,114 [INFO] IPUIPlugin:80 - create IPUIPlugin
2023-11-16 13:00:51,114 [INFO] PluginManager:220 - loadIPPluginJar : add cryp
2023-11-16 13:00:51,146 [INFO] IPUIPlugin:80 - create IPUIPlugin
2023-11-16 13:00:51,147 [INFO] PluginManager:220 - loadIPPluginJar : add dfsdm
2023-11-16 13:00:51,161 [INFO] IPUIPlugin:80 - create IPUIPlugin
2023-11-16 13:00:51,162 [INFO] PluginManager:220 - loadIPPluginJar : add dma
2023-11-16 13:00:51,205 [INFO] IPUIPlugin:80 - create IPUIPlugin
2023-11-16 13:00:51,205 [INFO] PluginManager:220 - loadIPPluginJar : add dma3
2023-11-16 13:00:51,225 [INFO] IPUIPlugin:80 - create IPUIPlugin
2023-11-16 13:00:51,225 [INFO] PluginManager:220 - loadIPPluginJar : add fatfs
2023-11-16 13:00:51,266 [INFO] IPUIPlugin:80 - create IPUIPlugin
2023-11-16 13:00:51,266 [INFO] PluginManager:220 - loadIPPluginJar : add fmc
2023-11-16 13:00:51,279 [INFO] IPUIPlugin:80 - create IPUIPlugin
2023-11-16 13:00:51,280 [INFO] PluginManager:220 - loadIPPluginJar : add freertos
2023-11-16 13:00:51,297 [INFO] IPUIPlugin:80 - create IPUIPlugin
2023-11-16 13:00:51,297 [INFO] PluginManager:220 - loadIPPluginJar : add genericplugin
2023-11-16 13:00:51,379 [INFO] IPUIPlugin:80 - create IPUIPlugin
2023-11-16 13:00:51,379 [INFO] PluginManager:220 - loadIPPluginJar : add gfxmmu
2023-11-16 13:00:51,515 [INFO] IPUIPlugin:80 - create IPUIPlugin
2023-11-16 13:00:51,515 [INFO] PluginManager:220 - loadIPPluginJar : add gic
2023-11-16 13:00:51,528 [INFO] IPUIPlugin:80 - create IPUIPlugin
2023-11-16 13:00:51,528 [INFO] PluginManager:220 - loadIPPluginJar : add gpio
2023-11-16 13:00:51,622 [INFO] IPUIPlugin:80 - create IPUIPlugin
2023-11-16 13:00:51,622 [INFO] PluginManager:220 - loadIPPluginJar : add gtzc
2023-11-16 13:00:51,652 [INFO] IPUIPlugin:80 - create IPUIPlugin
2023-11-16 13:00:51,652 [INFO] PluginManager:220 - loadIPPluginJar : add hash
2023-11-16 13:00:51,701 [INFO] IPUIPlugin:80 - create IPUIPlugin
2023-11-16 13:00:51,701 [INFO] PluginManager:220 - loadIPPluginJar : add i2c
2023-11-16 13:00:51,741 [INFO] IPUIPlugin:80 - create IPUIPlugin
2023-11-16 13:00:51,741 [INFO] PluginManager:220 - loadIPPluginJar : add i2s
2023-11-16 13:00:51,781 [INFO] IPUIPlugin:80 - create IPUIPlugin
2023-11-16 13:00:51,782 [INFO] PluginManager:220 - loadIPPluginJar : add i3c
2023-11-16 13:00:51,881 [INFO] IPUIPlugin:80 - create IPUIPlugin
2023-11-16 13:00:51,881 [INFO] PluginManager:220 - loadIPPluginJar : add ipddr
2023-11-16 13:00:51,981 [INFO] IPUIPlugin:80 - create IPUIPlugin
2023-11-16 13:00:51,981 [INFO] PluginManager:220 - loadIPPluginJar : add linkedlist
2023-11-16 13:00:52,016 [INFO] IPUIPlugin:80 - create IPUIPlugin
2023-11-16 13:00:52,016 [INFO] PluginManager:220 - loadIPPluginJar : add lorawan
2023-11-16 13:00:52,052 [INFO] IPUIPlugin:80 - create IPUIPlugin
2023-11-16 13:00:52,052 [INFO] PluginManager:220 - loadIPPluginJar : add ltdc
2023-11-16 13:00:52,068 [INFO] IPUIPlugin:80 - create IPUIPlugin
2023-11-16 13:00:52,069 [INFO] PluginManager:220 - loadIPPluginJar : add mdma
2023-11-16 13:00:52,081 [INFO] IPUIPlugin:80 - create IPUIPlugin
2023-11-16 13:00:52,081 [INFO] PluginManager:220 - loadIPPluginJar : add nvic
2023-11-16 13:00:52,117 [INFO] IPUIPlugin:80 - create IPUIPlugin
2023-11-16 13:00:52,117 [INFO] PluginManager:220 - loadIPPluginJar : add opamp
2023-11-16 13:00:52,176 [INFO] IPUIPlugin:80 - create IPUIPlugin
2023-11-16 13:00:52,176 [INFO] PluginManager:220 - loadIPPluginJar : add openamp
2023-11-16 13:00:52,216 [INFO] IPUIPlugin:80 - create IPUIPlugin
2023-11-16 13:00:52,217 [INFO] PluginManager:220 - loadIPPluginJar : add pdm2pcm
2023-11-16 13:00:52,231 [INFO] IPUIPlugin:80 - create IPUIPlugin
2023-11-16 13:00:52,233 [INFO] PluginManager:220 - loadIPPluginJar : add plateformsettings
2023-11-16 13:00:52,253 [INFO] IPUIPlugin:80 - create IPUIPlugin
2023-11-16 13:00:52,253 [INFO] PluginManager:220 - loadIPPluginJar : add quadspi
2023-11-16 13:00:52,264 [INFO] IPUIPlugin:80 - create IPUIPlugin
2023-11-16 13:00:52,264 [INFO] PluginManager:220 - loadIPPluginJar : add resmgrutility
2023-11-16 13:00:52,311 [INFO] IPUIPlugin:80 - create IPUIPlugin
2023-11-16 13:00:52,311 [INFO] PluginManager:220 - loadIPPluginJar : add sai
2023-11-16 13:00:52,353 [INFO] IPUIPlugin:80 - create IPUIPlugin
2023-11-16 13:00:52,353 [INFO] PluginManager:220 - loadIPPluginJar : add spi
2023-11-16 13:00:52,406 [INFO] IPUIPlugin:80 - create IPUIPlugin
2023-11-16 13:00:52,406 [INFO] PluginManager:220 - loadIPPluginJar : add stm32_wpan
2023-11-16 13:00:52,428 [INFO] IPUIPlugin:80 - create IPUIPlugin
2023-11-16 13:00:52,428 [INFO] PluginManager:220 - loadIPPluginJar : add tim
2023-11-16 13:00:52,485 [INFO] IPUIPlugin:80 - create IPUIPlugin
2023-11-16 13:00:52,485 [INFO] PluginManager:220 - loadIPPluginJar : add touchsensing
2023-11-16 13:00:52,506 [INFO] IPUIPlugin:80 - create IPUIPlugin
2023-11-16 13:00:52,506 [INFO] PluginManager:220 - loadIPPluginJar : add tracer_emb
2023-11-16 13:00:52,534 [INFO] IPUIPlugin:80 - create IPUIPlugin
2023-11-16 13:00:52,534 [INFO] PluginManager:220 - loadIPPluginJar : add ts
2023-11-16 13:00:52,556 [INFO] IPUIPlugin:80 - create IPUIPlugin
2023-11-16 13:00:52,557 [INFO] PluginManager:220 - loadIPPluginJar : add tsc
2023-11-16 13:00:52,579 [INFO] IPUIPlugin:80 - create IPUIPlugin
2023-11-16 13:00:52,579 [INFO] PluginManager:220 - loadIPPluginJar : add ucpd
2023-11-16 13:00:52,630 [INFO] IPUIPlugin:80 - create IPUIPlugin
2023-11-16 13:00:52,630 [INFO] PluginManager:220 - loadIPPluginJar : add usart
2023-11-16 13:00:52,675 [INFO] IPUIPlugin:80 - create IPUIPlugin
2023-11-16 13:00:52,675 [INFO] PluginManager:220 - loadIPPluginJar : add usbx
2023-11-16 13:00:52,833 [INFO] CADModel:165 - CPN selected for project level
2023-11-16 13:00:52,834 [INFO] CADModel:114 - Register for checkConnection events
2023-11-16 13:00:52,834 [FATAL] Updater:308 - Updater called before beeing initialized
2023-11-16 13:00:52,834 [ERROR] CADModel:125 - Updater not yet initialized, retry later 
2023-11-16 13:00:52,980 [INFO] CADModel:165 - CPN selected for project level
2023-11-16 13:00:52,980 [INFO] CADModel:114 - Register for checkConnection events
2023-11-16 13:00:52,980 [FATAL] Updater:308 - Updater called before beeing initialized
2023-11-16 13:00:52,982 [ERROR] CADModel:125 - Updater not yet initialized, retry later 
2023-11-16 13:00:52,985 [FATAL] Updater:308 - Updater called before beeing initialized
2023-11-16 13:00:53,099 [FATAL] Updater:308 - Updater called before beeing initialized
2023-11-16 13:00:53,110 [INFO] DbMcusAds:53 - JSON generation date=Tue Mar 07 09:50:55 CET 2023 (1678179055335)
2023-11-16 13:00:53,110 [FATAL] Updater:308 - Updater called before beeing initialized
2023-11-16 13:00:53,145 [WARN] DetailPanel:346 - Failed to get advertising image, set to default
2023-11-16 13:00:53,246 [FATAL] Updater:308 - Updater called before beeing initialized
2023-11-16 13:00:53,249 [FATAL] Updater:308 - Updater called before beeing initialized
2023-11-16 13:00:53,249 [FATAL] Updater:308 - Updater called before beeing initialized
2023-11-16 13:00:53,249 [WARN] DetailPanel:346 - Failed to get advertising image, set to default
2023-11-16 13:00:53,250 [FATAL] Updater:308 - Updater called before beeing initialized
2023-11-16 13:00:53,310 [ERROR] Updater:1120 - MainUpdater not yet initialized. External WinMGr cannot be set.
2023-11-16 13:00:53,320 [INFO] Updater:1056 - Updater Version found : 6.9.2
2023-11-16 13:00:53,337 [INFO] ApplicationProperties:184 - Using Application install path: C:\ST\STM32CubeIDE_1.13.1\STM32CubeIDE\plugins\com.st.stm32cube.common.mx_6.9.2.202309101412
2023-11-16 13:00:53,362 [INFO] ThirdPartyUpdaterWithRetryManager:70 - Updater plugin not ready yet. [2/15]
2023-11-16 13:00:53,606 [INFO] MainUpdater:2868 - connection check result : 10
2023-11-16 13:00:53,608 [INFO] MainUpdater:285 - Updater Check For Update Now.
2023-11-16 13:00:53,608 [INFO] MicroXplorer:498 - Change Database Version : DB.6.0.92
2023-11-16 13:00:53,624 [INFO] McuFinderGlobals:63 - Set McuFinder mode to 2 (CubeIDE integrated)
2023-11-16 13:00:53,806 [INFO] CheckServerUpdateThread:120 - End of CheckServer Thread
2023-11-16 13:00:53,936 [ERROR] LogOutputStream:75 - [STDERR_REDIRECT] Nov 16, 2023 1:00:53 PM org.glassfish.grizzly.http.server.NetworkListener start
2023-11-16 13:00:53,937 [ERROR] LogOutputStream:75 - [STDERR_REDIRECT] INFO: Started listener bound to [localhost:1596]
2023-11-16 13:00:53,937 [ERROR] LogOutputStream:75 - [STDERR_REDIRECT] 
2023-11-16 13:00:53,939 [ERROR] LogOutputStream:75 - [STDERR_REDIRECT] Nov 16, 2023 1:00:53 PM org.glassfish.grizzly.http.server.HttpServer start
2023-11-16 13:00:53,940 [ERROR] LogOutputStream:75 - [STDERR_REDIRECT] INFO: [HttpServer] Started.
2023-11-16 13:00:53,940 [ERROR] LogOutputStream:75 - [STDERR_REDIRECT] 
2023-11-16 13:00:56,525 [WARN] PackLoader:240 - Cannot read IP mode file for STMicroelectronics.X-CUBE-SMBUS.2.1.0
2023-11-16 13:00:56,602 [WARN] PackLoader:240 - Cannot read IP mode file for STMicroelectronics.X-CUBE-MEMS1.9.2.0
2023-11-16 13:00:56,769 [WARN] PackLoader:240 - Cannot read IP mode file for STMicroelectronics.X-CUBE-AZRTOS-F7.1.1.0
2023-11-16 13:00:56,783 [WARN] PackLoader:240 - Cannot read IP mode file for STMicroelectronics.X-CUBE-AI.7.1.0
2023-11-16 13:00:56,794 [WARN] PackLoader:240 - Cannot read IP mode file for STMicroelectronics.X-CUBE-TOUCHGFX.4.19.1
2023-11-16 13:00:56,806 [WARN] PackLoader:240 - Cannot read IP mode file for STMicroelectronics.FP-SNS-MOTENV1.4.3.2
2023-11-16 13:00:56,818 [WARN] PackLoader:240 - Cannot read IP mode file for STMicroelectronics.X-CUBE-BLE1.6.2.3
2023-11-16 13:00:56,829 [WARN] PackLoader:240 - Cannot read IP mode file for STMicroelectronics.X-CUBE-BLE1.6.2.4
2023-11-16 13:00:56,838 [WARN] PackLoader:240 - Cannot read IP mode file for STMicroelectronics.X-CUBE-BLE1.6.2.1
2023-11-16 13:00:56,849 [WARN] PackLoader:240 - Cannot read IP mode file for STMicroelectronics.X-CUBE-BLE2.3.2.1
2023-11-16 13:00:56,859 [WARN] PackLoader:240 - Cannot read IP mode file for STMicroelectronics.FP-SNS-FLIGHT1.5.0.2
2023-11-16 13:00:56,871 [WARN] PackLoader:240 - Cannot read IP mode file for STMicroelectronics.X-CUBE-BLE2.3.2.2
2023-11-16 13:00:56,886 [WARN] PackLoader:240 - Cannot read IP mode file for STMicroelectronics.X-CUBE-DISPLAY.3.0.0
2023-11-16 13:00:56,905 [WARN] PackLoader:240 - Cannot read IP mode file for STMicroelectronics.X-CUBE-BLE1.7.0.0
2023-11-16 13:00:56,916 [WARN] PackLoader:240 - Cannot read IP mode file for STMicroelectronics.X-CUBE-TOUCHGFX.4.22.0
2023-11-16 13:00:56,926 [WARN] PackLoader:240 - Cannot read IP mode file for STMicroelectronics.X-CUBE-TOUCHGFX.4.22.1
2023-11-16 13:00:56,943 [WARN] PackLoader:240 - Cannot read IP mode file for STMicroelectronics.X-CUBE-SUBG2.4.2.0
2023-11-16 13:00:56,957 [WARN] PackLoader:240 - Cannot read IP mode file for STMicroelectronics.FP-SNS-SMARTAG2.1.2.0
2023-11-16 13:00:56,974 [INFO] LogOutputStream:77 - [STDOUT_REDIRECT] 1 : Invalid condition id : UX_CORESTACK_Condition cause : null
2023-11-16 13:00:56,975 [INFO] LogOutputStream:77 - [STDOUT_REDIRECT] 1 : Invalid condition id : UX_CORESTACK_Condition cause : null
2023-11-16 13:00:56,976 [INFO] LogOutputStream:77 - [STDOUT_REDIRECT] 1 : Invalid condition id : UX_CORESTACK_Condition cause : null
2023-11-16 13:00:56,977 [INFO] LogOutputStream:77 - [STDOUT_REDIRECT] 1 : Invalid condition id : UX_CORESTACK_Condition cause : null
2023-11-16 13:00:56,978 [INFO] LogOutputStream:77 - [STDOUT_REDIRECT] 1 : Invalid condition id : UX_CORESTACK_Condition cause : null
2023-11-16 13:00:56,981 [WARN] PackLoader:240 - Cannot read IP mode file for STMicroelectronics.X-CUBE-AZRTOS-WL.2.0.0
2023-11-16 13:00:56,993 [WARN] PackLoader:240 - Cannot read IP mode file for STMicroelectronics.X-CUBE-ALGOBUILD.1.2.1
2023-11-16 13:00:57,007 [WARN] PackLoader:240 - Cannot read IP mode file for WES.I-CUBE-Cesium.1.3.0
2023-11-16 13:00:57,019 [WARN] PackLoader:240 - Cannot read IP mode file for STMicroelectronics.X-CUBE-BLE2.3.3.0
2023-11-16 13:00:57,030 [WARN] PackLoader:240 - Cannot read IP mode file for STMicroelectronics.X-CUBE-DISPLAY.2.2.0
2023-11-16 13:00:57,046 [WARN] PackLoader:240 - Cannot read IP mode file for STMicroelectronics.X-CUBE-TOF1.3.2.0
2023-11-16 13:00:57,072 [WARN] PackLoader:240 - Cannot read IP mode file for STMicroelectronics.X-CUBE-AZRTOS-H7.2.1.0
2023-11-16 13:00:57,084 [WARN] PackLoader:240 - Cannot read IP mode file for STMicroelectronics.X-CUBE-TOUCHGFX.4.21.1
2023-11-16 13:00:57,095 [WARN] PackLoader:240 - Cannot read IP mode file for STMicroelectronics.X-CUBE-ALGOBUILD.1.3.0
2023-11-16 13:00:57,118 [WARN] PackLoader:240 - Cannot read IP mode file for STMicroelectronics.X-CUBE-AZRTOS-G0.1.1.0
2023-11-16 13:00:57,129 [WARN] PackLoader:240 - Cannot read IP mode file for STMicroelectronics.X-CUBE-NFC4.3.0.0
2023-11-16 13:00:57,162 [WARN] PackLoader:240 - Cannot read IP mode file for SEGGER.I-CUBE-embOS.1.2.0
2023-11-16 13:00:57,204 [WARN] PackLoader:240 - Cannot read IP mode file for STMicroelectronics.X-CUBE-DISPLAY.2.1.0
2023-11-16 13:00:57,217 [WARN] PackLoader:240 - Cannot read IP mode file for STMicroelectronics.X-CUBE-TOUCHGFX.4.17.0
2023-11-16 13:00:57,232 [WARN] PackLoader:240 - Cannot read IP mode file for STMicroelectronics.X-CUBE-BLEMGR.3.0.0
2023-11-16 13:00:57,267 [WARN] PackLoader:240 - Cannot read IP mode file for STMicroelectronics.X-CUBE-AZRTOS-H7.2.0.0
2023-11-16 13:00:57,284 [WARN] PackLoader:240 - Cannot read IP mode file for STMicroelectronics.FP-ATR-SIGFOX1.3.2.0
2023-11-16 13:00:57,301 [WARN] PackLoader:240 - Cannot read IP mode file for emotas.I-CUBE-CANOPEN.1.1.2
2023-11-16 13:00:57,349 [WARN] PackLoader:240 - Cannot read IP mode file for STMicroelectronics.X-CUBE-MEMS1.9.5.0
2023-11-16 13:00:57,526 [WARN] PackLoader:240 - Cannot read IP mode file for SEGGER.I-CUBE-embOS.1.3.1
2023-11-16 13:00:57,592 [WARN] PackLoader:240 - Cannot read IP mode file for STMicroelectronics.X-CUBE-TOF1.3.0.0
2023-11-16 13:00:57,607 [WARN] PackLoader:240 - Cannot read IP mode file for STMicroelectronics.X-CUBE-GNSS1.6.0.0
2023-11-16 13:00:57,647 [WARN] PackLoader:240 - Cannot read IP mode file for STMicroelectronics.X-CUBE-AZRTOS-F4.1.1.0
2023-11-16 13:00:57,676 [WARN] PackLoader:240 - Cannot read IP mode file for STMicroelectronics.X-CUBE-AZRTOS-L5.2.0.0
2023-11-16 13:00:57,723 [WARN] PackLoader:240 - Cannot read IP mode file for STMicroelectronics.X-CUBE-MEMS1.9.6.0
2023-11-16 13:00:57,839 [WARN] PackLoader:240 - Cannot read IP mode file for STMicroelectronics.X-CUBE-EEPRMA1.4.2.0
2023-11-16 13:00:57,849 [WARN] PackLoader:240 - Cannot read IP mode file for ITTIA_DB.I-CUBE-ITTIADB.8.8.0
2023-11-16 13:00:57,863 [WARN] PackLoader:240 - Cannot read IP mode file for STMicroelectronics.X-CUBE-BLEMGR.2.0.0
2023-11-16 13:00:57,876 [WARN] PackLoader:240 - Cannot read IP mode file for STMicroelectronics.X-CUBE-NFC4.2.0.4
2023-11-16 13:00:57,886 [WARN] PackLoader:240 - Cannot read IP mode file for STMicroelectronics.X-CUBE-NFC4.2.0.3
2023-11-16 13:00:57,897 [WARN] PackLoader:240 - Cannot read IP mode file for wolfSSL.I-CUBE-wolfSSL.4.8.0
2023-11-16 13:00:57,921 [WARN] ConditionMgr:438 - getConditionDescription Invalid condition id : UX DEVICE CLASS RTOS Condition cause : null
2023-11-16 13:00:57,921 [WARN] ConditionMgr:438 - getConditionDescription Invalid condition id : UX DEVICE CLASS RTOS Condition cause : null
2023-11-16 13:00:57,925 [WARN] PackLoader:240 - Cannot read IP mode file for STMicroelectronics.X-CUBE-AZRTOS-H7.3.1.0
2023-11-16 13:00:57,926 [WARN] ConditionMgr:1039 - genDependencies : Invalid condition id : UX DEVICE CLASS RTOS Condition cause : null
2023-11-16 13:00:57,926 [WARN] ConditionMgr:1039 - genDependencies : Invalid condition id : UX DEVICE CLASS RTOS Condition cause : null
2023-11-16 13:00:57,926 [WARN] ConditionMgr:1039 - genDependencies : Invalid condition id : UX DEVICE CLASS RTOS Condition cause : null
2023-11-16 13:00:57,927 [WARN] ConditionMgr:1039 - genDependencies : Invalid condition id : UX DEVICE CLASS RTOS Condition cause : null
2023-11-16 13:00:57,927 [WARN] ConditionMgr:1039 - genDependencies : Invalid condition id : UX DEVICE CLASS RTOS Condition cause : null
2023-11-16 13:00:57,941 [WARN] PackLoader:240 - Cannot read IP mode file for STMicroelectronics.X-CUBE-SFXS2LP1.3.1.0
2023-11-16 13:00:57,967 [WARN] PackLoader:240 - Cannot read IP mode file for STMicroelectronics.X-CUBE-AZRTOS-F4.1.0.0
2023-11-16 13:00:57,983 [WARN] PackLoader:240 - Cannot read IP mode file for STMicroelectronics.X-CUBE-TOF1.2.0.0
2023-11-16 13:00:57,994 [WARN] PackLoader:240 - Cannot read IP mode file for STMicroelectronics.X-CUBE-NFC7.1.0.1
2023-11-16 13:00:58,004 [WARN] PackLoader:240 - Cannot read IP mode file for STMicroelectronics.X-CUBE-NFC7.1.0.0
2023-11-16 13:00:58,016 [WARN] PackLoader:240 - Cannot read IP mode file for STMicroelectronics.X-CUBE-NFC6.3.0.0
2023-11-16 13:00:58,027 [WARN] PackLoader:240 - Cannot read IP mode file for STMicroelectronics.X-CUBE-EEPRMA1.4.1.0
2023-11-16 13:00:58,036 [WARN] PackLoader:240 - Cannot read IP mode file for STMicroelectronics.X-CUBE-DISPLAY.1.0.0
2023-11-16 13:00:58,044 [WARN] PackLoader:240 - Cannot read IP mode file for STMicroelectronics.X-CUBE-AI.8.1.0
2023-11-16 13:00:58,067 [WARN] PackLoader:240 - Cannot read IP mode file for STMicroelectronics.X-CUBE-AZRTOS-G0.1.0.0
2023-11-16 13:00:58,094 [WARN] ConditionMgr:438 - getConditionDescription Invalid condition id : LAN8742 Phy interface Condition cause : null
2023-11-16 13:00:58,095 [WARN] PackLoader:240 - Cannot read IP mode file for STMicroelectronics.X-CUBE-AZRTOS-L4.2.0.0
2023-11-16 13:00:58,096 [WARN] ConditionMgr:1039 - genDependencies : Invalid condition id : LAN8742 Phy interface Condition cause : null
2023-11-16 13:00:58,096 [WARN] ConditionMgr:1039 - genDependencies : Invalid condition id : LAN8742 Phy interface Condition cause : null
2023-11-16 13:00:58,097 [WARN] ConditionMgr:1039 - genDependencies : Invalid condition id : LAN8742 Phy interface Condition cause : null
2023-11-16 13:00:58,109 [WARN] PackLoader:240 - Cannot read IP mode file for STMicroelectronics.X-CUBE-SFXS2LP1.4.0.0
2023-11-16 13:00:58,138 [WARN] PackLoader:240 - Cannot read IP mode file for STMicroelectronics.X-CUBE-AZRTOS-H7.3.0.0
2023-11-16 13:00:58,152 [WARN] PackLoader:240 - Cannot read IP mode file for STMicroelectronics.X-CUBE-ISPU.1.1.0
2023-11-16 13:00:58,165 [WARN] PackLoader:240 - Cannot read IP mode file for RoweBots.I-CUBE-UNISONRTOS.5.5.0-4
2023-11-16 13:00:58,174 [WARN] PackLoader:240 - Cannot read IP mode file for STMicroelectronics.X-CUBE-AI.8.0.0
2023-11-16 13:00:58,193 [WARN] ConditionMgr:438 - getConditionDescription Invalid condition id : UX DEVICE CLASS RTOS Condition cause : null
2023-11-16 13:00:58,194 [WARN] ConditionMgr:438 - getConditionDescription Invalid condition id : UX DEVICE CLASS RTOS Condition cause : null
2023-11-16 13:00:58,195 [WARN] PackLoader:240 - Cannot read IP mode file for STMicroelectronics.X-CUBE-AZRTOS-WB.2.0.0
2023-11-16 13:00:58,196 [WARN] ConditionMgr:1039 - genDependencies : Invalid condition id : UX DEVICE CLASS RTOS Condition cause : null
2023-11-16 13:00:58,196 [WARN] ConditionMgr:1039 - genDependencies : Invalid condition id : UX DEVICE CLASS RTOS Condition cause : null
2023-11-16 13:00:58,196 [WARN] ConditionMgr:1039 - genDependencies : Invalid condition id : UX DEVICE CLASS RTOS Condition cause : null
2023-11-16 13:00:58,196 [WARN] ConditionMgr:1039 - genDependencies : Invalid condition id : UX DEVICE CLASS RTOS Condition cause : null
2023-11-16 13:00:58,196 [WARN] ConditionMgr:1039 - genDependencies : Invalid condition id : UX DEVICE CLASS RTOS Condition cause : null
2023-11-16 13:00:58,209 [WARN] PackLoader:240 - Cannot read IP mode file for STMicroelectronics.X-CUBE-FREERTOS.1.0.0
2023-11-16 13:00:58,248 [WARN] PackLoader:240 - Cannot read IP mode file for STMicroelectronics.X-CUBE-MEMS1.9.0.0
2023-11-16 13:00:58,327 [WARN] PackLoader:240 - Cannot read IP mode file for STMicroelectronics.X-CUBE-AZRTOS-L5.1.1.0
2023-11-16 13:00:58,342 [WARN] PackLoader:240 - Cannot read IP mode file for STMicroelectronics.X-CUBE-SUBG2.5.0.0
2023-11-16 13:00:58,358 [WARN] PackLoader:240 - Cannot read IP mode file for STMicroelectronics.X-CUBE-TOF1.3.3.1
2023-11-16 13:00:58,382 [WARN] PackLoader:240 - Cannot read IP mode file for STMicroelectronics.X-CUBE-AZRTOS-G4.2.0.0
2023-11-16 13:00:58,393 [WARN] PackLoader:240 - Cannot read IP mode file for STMicroelectronics.FP-ATR-ASTRA1.1.1.1
2023-11-16 13:00:58,409 [WARN] PackLoader:240 - Cannot read IP mode file for Infineon.AIROC-Wi-Fi-Bluetooth-STM32.1.5.1
2023-11-16 13:00:58,418 [WARN] PackLoader:240 - Cannot read IP mode file for STMicroelectronics.FP-SNS-MOTENVWB1.1.3.0
2023-11-16 13:00:58,438 [WARN] PackLoader:240 - Cannot read IP mode file for STMicroelectronics.X-CUBE-AZRTOS-G4.1.0.0
2023-11-16 13:00:58,458 [WARN] PackLoader:240 - Cannot read IP mode file for STMicroelectronics.X-CUBE-AZRTOS-L4.1.0.0
2023-11-16 13:00:58,492 [WARN] PackLoader:240 - Cannot read IP mode file for STMicroelectronics.X-CUBE-MEMS1.10.0.0
2023-11-16 13:00:58,575 [WARN] PackLoader:240 - Cannot read IP mode file for STMicroelectronics.X-CUBE-FREERTOS.1.1.0
2023-11-16 13:00:58,594 [WARN] PackLoader:240 - Cannot read IP mode file for STMicroelectronics.X-CUBE-AZRTOS-F7.1.0.0
2023-11-16 13:00:58,610 [WARN] PackLoader:240 - Cannot read IP mode file for STMicroelectronics.X-CUBE-AZRTOS-WL.1.0.0
2023-11-16 13:00:58,622 [WARN] PackLoader:240 - Cannot read IP mode file for portGmbH.I-Cube-SoM-uGOAL.1.1.0
2023-11-16 13:00:58,631 [WARN] PackLoader:240 - Cannot read IP mode file for STMicroelectronics.X-CUBE-ALS.1.0.1
2023-11-16 13:00:58,640 [WARN] PackLoader:240 - Cannot read IP mode file for STMicroelectronics.X-CUBE-AI.7.0.0
2023-11-16 13:00:58,656 [WARN] PackLoader:240 - Cannot read IP mode file for STMicroelectronics.X-CUBE-AZRTOS-WB.1.1.0
2023-11-16 13:00:58,674 [WARN] PackLoader:240 - Cannot read IP mode file for STMicroelectronics.X-CUBE-AZRTOS-L5.1.0.0
2023-11-16 13:00:58,685 [WARN] PackLoader:240 - Cannot read IP mode file for STMicroelectronics.X-CUBE-EEPRMA1.3.1.0
2023-11-16 13:00:58,694 [WARN] PackLoader:240 - Cannot read IP mode file for STMicroelectronics.X-CUBE-EEPRMA1.3.1.1
2023-11-16 13:00:58,705 [WARN] PackLoader:240 - Cannot read IP mode file for STMicroelectronics.X-CUBE-GNSS1.5.2.0
2023-11-16 13:00:58,715 [WARN] PackLoader:240 - Cannot read IP mode file for STMicroelectronics.FP-ATR-ASTRA1.2.0.0
2023-11-16 13:00:58,716 [INFO] ThirdParty:978 - Integrity check success = true
2023-11-16 13:00:58,716 [INFO] IntegrityCheckThread:100 - exiting critical section [integrity check]
2023-11-16 13:00:58,716 [INFO] IntegrityCheckThread:103 - End integrity checks thread
2023-11-16 13:01:09,326 [ERROR] LogOutputStream:75 - [STDERR_REDIRECT] 
2023-11-16 13:01:36,562 [INFO] Activator:176 - 


2023-11-16 13:01:36,564 [INFO] Activator:177 - !SESSION log4j initialized
2023-11-16 13:01:39,906 [INFO] LogOutputStream:77 - [STDOUT_REDIRECT] 
2023-11-16 13:01:59,624 [INFO] ApplicationProperties:184 - Using Application install path: C:\ST\STM32CubeIDE_1.13.1\STM32CubeIDE\plugins\com.st.stm32cube.common.mx_6.9.2.202309101412
2023-11-16 13:01:59,642 [INFO] DbMcusXml:78 - Set database path to: C:\ST\STM32CubeIDE_1.13.1\STM32CubeIDE\plugins\com.st.stm32cube.common.mx_6.9.2.202309101412\\db\/mcu/
2023-11-16 13:01:59,642 [INFO] ApiDb:274 - Set plugin database path to: C:\ST\STM32CubeIDE_1.13.1\STM32CubeIDE\plugins\com.st.stm32cube.common.mx_6.9.2.202309101412\\db\/plugins/boardmanager/
2023-11-16 13:01:59,642 [WARN] ApiDb:259 - Overriding images path with different value:  => C:\ST\STM32CubeIDE_1.13.1\STM32CubeIDE\plugins\com.st.stm32cube.common.mx_6.9.2.202309101412\\db\/plugins/mcufinder/images/
2023-11-16 13:01:59,654 [INFO] ApiDb:250 - Set database path to: C:\Users\Baptiste\.stmcufinder\plugins\mcufinder//mcu/
2023-11-16 13:01:59,655 [INFO] DbMcusAds:125 - Set database path to: C:\Users\Baptiste\.stmcufinder\plugins\mcufinder//mcu/
2023-11-16 13:01:59,659 [INFO] CrossReferenceDbSqlite:203 - Set database path to: C:\Users\Baptiste\.stmcufinder\plugins\mcufinder//mcu/cs/
2023-11-16 13:01:59,766 [INFO] RulesReader:64 - Compatibility file has been processed (293 Rules)
2023-11-16 13:01:59,828 [INFO] DbMcusXml:78 - Set database path to: C:\ST\STM32CubeIDE_1.13.1\STM32CubeIDE\plugins\com.st.stm32cube.common.mx_6.9.2.202309101412\\db\/mcu/
2023-11-16 13:01:59,828 [INFO] ApiDb:274 - Set plugin database path to: C:\ST\STM32CubeIDE_1.13.1\STM32CubeIDE\plugins\com.st.stm32cube.common.mx_6.9.2.202309101412\\db\/plugins/boardmanager/
2023-11-16 13:01:59,828 [INFO] ApiDb:261 - Set plugin images path to: C:\ST\STM32CubeIDE_1.13.1\STM32CubeIDE\plugins\com.st.stm32cube.common.mx_6.9.2.202309101412\\db\/plugins/mcufinder/images/
2023-11-16 13:01:59,829 [WARN] DbFile:41 - Overriding database path with different value: C:\Users\Baptiste\.stmcufinder\plugins\mcufinder/ => C:\Users\Baptiste\.stmcufinder\plugins\mcufinder
2023-11-16 13:01:59,829 [INFO] ApiDb:250 - Set database path to: C:\Users\Baptiste\.stmcufinder\plugins\mcufinder//mcu/
2023-11-16 13:01:59,829 [WARN] DbFile:41 - Overriding database path with different value: C:\Users\Baptiste\.stmcufinder\plugins\mcufinder/ => C:\Users\Baptiste\.stmcufinder\plugins\mcufinder
2023-11-16 13:01:59,829 [INFO] DbMcusAds:125 - Set database path to: C:\Users\Baptiste\.stmcufinder\plugins\mcufinder//mcu/
2023-11-16 13:01:59,829 [WARN] DbFile:41 - Overriding database path with different value: C:\Users\Baptiste\.stmcufinder\plugins\mcufinder/ => C:\Users\Baptiste\.stmcufinder\plugins\mcufinder
2023-11-16 13:01:59,829 [WARN] DbFile:41 - Overriding database path with different value: C:\Users\Baptiste\.stmcufinder\plugins\mcufinder/ => C:\Users\Baptiste\.stmcufinder\plugins\mcufinder
2023-11-16 13:01:59,829 [INFO] CrossReferenceDbSqlite:203 - Set database path to: C:\Users\Baptiste\.stmcufinder\plugins\mcufinder//mcu/cs/
2023-11-16 13:01:59,888 [INFO] MainPanel:262 - HeapMemory: 268435456
2023-11-16 13:01:59,956 [INFO] DbMcusXml:78 - Set database path to: C:\ST\STM32CubeIDE_1.13.1\STM32CubeIDE\plugins\com.st.stm32cube.common.mx_6.9.2.202309101412\\db\/mcu/
2023-11-16 13:01:59,956 [INFO] ApiDb:274 - Set plugin database path to: C:\ST\STM32CubeIDE_1.13.1\STM32CubeIDE\plugins\com.st.stm32cube.common.mx_6.9.2.202309101412\\db\/plugins/boardmanager/
2023-11-16 13:01:59,956 [INFO] ApiDb:261 - Set plugin images path to: C:\ST\STM32CubeIDE_1.13.1\STM32CubeIDE\plugins\com.st.stm32cube.common.mx_6.9.2.202309101412\\db\/plugins/mcufinder/images/
2023-11-16 13:01:59,956 [WARN] DbFile:41 - Overriding database path with different value: C:\Users\Baptiste\.stmcufinder\plugins\mcufinder/ => C:\Users\Baptiste\.stmcufinder\plugins\mcufinder
2023-11-16 13:01:59,957 [INFO] ApiDb:250 - Set database path to: C:\Users\Baptiste\.stmcufinder\plugins\mcufinder//mcu/
2023-11-16 13:01:59,957 [WARN] DbFile:41 - Overriding database path with different value: C:\Users\Baptiste\.stmcufinder\plugins\mcufinder/ => C:\Users\Baptiste\.stmcufinder\plugins\mcufinder
2023-11-16 13:01:59,957 [INFO] DbMcusAds:125 - Set database path to: C:\Users\Baptiste\.stmcufinder\plugins\mcufinder//mcu/
2023-11-16 13:01:59,957 [WARN] DbFile:41 - Overriding database path with different value: C:\Users\Baptiste\.stmcufinder\plugins\mcufinder/ => C:\Users\Baptiste\.stmcufinder\plugins\mcufinder
2023-11-16 13:01:59,957 [WARN] DbFile:41 - Overriding database path with different value: C:\Users\Baptiste\.stmcufinder\plugins\mcufinder/ => C:\Users\Baptiste\.stmcufinder\plugins\mcufinder
2023-11-16 13:01:59,957 [INFO] CrossReferenceDbSqlite:203 - Set database path to: C:\Users\Baptiste\.stmcufinder\plugins\mcufinder//mcu/cs/
2023-11-16 13:01:59,973 [INFO] ApplicationProperties:184 - Using Application install path: C:\ST\STM32CubeIDE_1.13.1\STM32CubeIDE\plugins\com.st.stm32cube.common.mx_6.9.2.202309101412
2023-11-16 13:01:59,974 [INFO] PluginManage:196 - Search for loadable plugins [exclusion list=, ]
2023-11-16 13:01:59,975 [INFO] PluginManage:310 - Check plugin analytics
